<?xml version="1.0" encoding="UTF-8"?>
<!-- Generated by org.testng.reporters.JUnitXMLReporter -->
<testsuite ignored="0" hostname="Ramesh" failures="0" tests="4" name="Test" time="0.099" errors="0" timestamp="2023-11-24T04:15:45 IST">
  <testcase classname="mylocal.practice.TestNGPractice.FourthTest" name="f" time="0.006"/>
  <testcase classname="mylocal.practice.TestNGPractice.secondTest" name="f" time="0.003"/>
  <testcase classname="mylocal.practice.TestNGPractice.ThirdTest" name="f" time="0.003"/>
  <testcase classname="mylocal.practice.TestNGPractice.FirstTest" name="f" time="0.004"/>
</testsuite> <!-- Test -->
