<?xml version="1.0" encoding="UTF-8"?>
<!-- Generated by org.testng.reporters.JUnitXMLReporter -->
<testsuite ignored="0" hostname="Ramesh" failures="0" tests="4" name="Test" time="3.79" errors="0" timestamp="24 Nov 2023 08:37:32 GMT">
  <testcase classname="mylocal.practice.TestNGPractice.Google" name="getPageTitle" time="3.771"/>
  <testcase classname="mylocal.practice.TestNGPractice.secondTest" name="f" time="0.001"/>
  <testcase classname="mylocal.practice.TestNGPractice.ThirdTest" name="f" time="0.0"/>
  <testcase classname="mylocal.practice.TestNGPractice.FirstTest" name="f" time="0.0"/>
</testsuite> <!-- Test -->
