<?xml version="1.0" encoding="UTF-8"?>
<testng-results ignored="0" total="4" passed="4" failed="0" skipped="0">
  <reporter-output>
  </reporter-output>
  <suite started-at="2023-11-24T08:37:28Z" name="Suite" finished-at="2023-11-24T08:37:32Z" duration-ms="3790">
    <groups>
    </groups>
    <test started-at="2023-11-24T08:37:28Z" name="Test" finished-at="2023-11-24T08:37:32Z" duration-ms="3790">
      <class name="mylocal.practice.TestNGPractice.Google">
        <test-method signature="getPageTitle()[pri:0, instance:mylocal.practice.TestNGPractice.Google@663c9e7a]" started-at="2023-11-24T14:07:28Z" name="getPageTitle" finished-at="2023-11-24T14:07:32Z" duration-ms="3771" status="PASS">
          <reporter-output>
          </reporter-output>
        </test-method> <!-- getPageTitle -->
      </class> <!-- mylocal.practice.TestNGPractice.Google -->
      <class name="mylocal.practice.TestNGPractice.ThirdTest">
        <test-method signature="f()[pri:0, instance:mylocal.practice.TestNGPractice.ThirdTest@74e28667]" started-at="2023-11-24T14:07:32Z" name="f" finished-at="2023-11-24T14:07:32Z" duration-ms="0" status="PASS">
          <reporter-output>
          </reporter-output>
        </test-method> <!-- f -->
      </class> <!-- mylocal.practice.TestNGPractice.ThirdTest -->
      <class name="mylocal.practice.TestNGPractice.secondTest">
        <test-method signature="f()[pri:0, instance:mylocal.practice.TestNGPractice.secondTest@7161d8d1]" started-at="2023-11-24T14:07:32Z" name="f" finished-at="2023-11-24T14:07:32Z" duration-ms="1" status="PASS">
          <reporter-output>
          </reporter-output>
        </test-method> <!-- f -->
      </class> <!-- mylocal.practice.TestNGPractice.secondTest -->
      <class name="mylocal.practice.TestNGPractice.FirstTest">
        <test-method is-config="true" signature="beforeTest()[pri:0, instance:mylocal.practice.TestNGPractice.FirstTest@1cf6d1be]" started-at="2023-11-24T14:07:28Z" name="beforeTest" finished-at="2023-11-24T14:07:28Z" duration-ms="5" status="PASS">
          <reporter-output>
          </reporter-output>
        </test-method> <!-- beforeTest -->
        <test-method is-config="true" signature="beforeTest()[pri:0, instance:mylocal.practice.TestNGPractice.ThirdTest@74e28667]" started-at="2023-11-24T14:07:28Z" name="beforeTest" finished-at="2023-11-24T14:07:28Z" duration-ms="0" status="PASS">
          <reporter-output>
          </reporter-output>
        </test-method> <!-- beforeTest -->
        <test-method is-config="true" signature="beforeTest()[pri:0, instance:mylocal.practice.TestNGPractice.secondTest@7161d8d1]" started-at="2023-11-24T14:07:28Z" name="beforeTest" finished-at="2023-11-24T14:07:28Z" duration-ms="0" status="PASS">
          <reporter-output>
          </reporter-output>
        </test-method> <!-- beforeTest -->
        <test-method is-config="true" signature="afterTest()[pri:0, instance:mylocal.practice.TestNGPractice.ThirdTest@74e28667]" started-at="2023-11-24T14:07:32Z" name="afterTest" finished-at="2023-11-24T14:07:32Z" duration-ms="1" status="PASS">
          <reporter-output>
          </reporter-output>
        </test-method> <!-- afterTest -->
        <test-method is-config="true" signature="afterTest()[pri:0, instance:mylocal.practice.TestNGPractice.FirstTest@1cf6d1be]" started-at="2023-11-24T14:07:32Z" name="afterTest" finished-at="2023-11-24T14:07:32Z" duration-ms="0" status="PASS">
          <reporter-output>
          </reporter-output>
        </test-method> <!-- afterTest -->
        <test-method signature="f()[pri:0, instance:mylocal.practice.TestNGPractice.FirstTest@1cf6d1be]" started-at="2023-11-24T14:07:32Z" name="f" finished-at="2023-11-24T14:07:32Z" duration-ms="0" status="PASS">
          <reporter-output>
          </reporter-output>
        </test-method> <!-- f -->
        <test-method is-config="true" signature="afterTest()[pri:0, instance:mylocal.practice.TestNGPractice.secondTest@7161d8d1]" started-at="2023-11-24T14:07:32Z" name="afterTest" finished-at="2023-11-24T14:07:32Z" duration-ms="0" status="PASS">
          <reporter-output>
          </reporter-output>
        </test-method> <!-- afterTest -->
      </class> <!-- mylocal.practice.TestNGPractice.FirstTest -->
    </test> <!-- Test -->
  </suite> <!-- Suite -->
</testng-results>
